2025-04-11 18:56:38 0 [Note] Starting MariaDB 10.4.32-MariaDB source revision c4143f909528e3fab0677a28631d10389354c491 as process 2140
2025-04-11 18:56:38 0 [Note] InnoDB: Mutexes and rw_locks use Windows interlocked functions
2025-04-11 18:56:38 0 [Note] InnoDB: Uses event mutexes
2025-04-11 18:56:38 0 [Note] InnoDB: Compressed tables use zlib 1.3
2025-04-11 18:56:38 0 [Note] InnoDB: Number of pools: 1
2025-04-11 18:56:38 0 [Note] InnoDB: Using SSE2 crc32 instructions
2025-04-11 18:56:38 0 [Note] InnoDB: Initializing buffer pool, total size = 16M, instances = 1, chunk size = 16M
2025-04-11 18:56:38 0 [Note] InnoDB: Completed initialization of buffer pool
2025-04-11 18:56:38 0 [Note] InnoDB: Starting crash recovery from checkpoint LSN=300288
2025-04-11 18:56:38 0 [Note] InnoDB: 128 out of 128 rollback segments are active.
2025-04-11 18:56:38 0 [Note] InnoDB: Removed temporary tablespace data file: "ibtmp1"
2025-04-11 18:56:38 0 [Note] InnoDB: Creating shared tablespace for temporary tables
2025-04-11 18:56:38 0 [Note] InnoDB: Setting file 'C:\xampp\mysql\data\ibtmp1' size to 12 MB. Physically writing the file full; Please wait ...
2025-04-11 18:56:38 0 [Note] InnoDB: File 'C:\xampp\mysql\data\ibtmp1' size is now 12 MB.
2025-04-11 18:56:38 0 [Note] InnoDB: Waiting for purge to start
2025-04-11 18:56:38 0 [Note] InnoDB: 10.4.32 started; log sequence number 300297; transaction id 170
2025-04-11 18:56:38 0 [Note] InnoDB: Loading buffer pool(s) from C:\xampp\mysql\data\ib_buffer_pool
2025-04-11 18:56:38 0 [Note] Plugin 'FEEDBACK' is disabled.
2025-04-11 18:56:38 0 [Note] Server socket created on IP: '::'.
2025-04-12 20:42:23 0 [Note] Starting MariaDB 10.4.32-MariaDB source revision c4143f909528e3fab0677a28631d10389354c491 as process 30152
2025-04-12 20:42:23 0 [Note] InnoDB: Mutexes and rw_locks use Windows interlocked functions
2025-04-12 20:42:23 0 [Note] InnoDB: Uses event mutexes
2025-04-12 20:42:23 0 [Note] InnoDB: Compressed tables use zlib 1.3
2025-04-12 20:42:23 0 [Note] InnoDB: Number of pools: 1
2025-04-12 20:42:23 0 [Note] InnoDB: Using SSE2 crc32 instructions
2025-04-12 20:42:23 0 [Note] InnoDB: Initializing buffer pool, total size = 16M, instances = 1, chunk size = 16M
2025-04-12 20:42:23 0 [Note] InnoDB: Completed initialization of buffer pool
2025-04-12 20:42:23 0 [Note] InnoDB: Starting crash recovery from checkpoint LSN=365153
2025-04-12 20:42:23 0 [Note] InnoDB: 128 out of 128 rollback segments are active.
2025-04-12 20:42:23 0 [Note] InnoDB: Removed temporary tablespace data file: "ibtmp1"
2025-04-12 20:42:23 0 [Note] InnoDB: Creating shared tablespace for temporary tables
2025-04-12 20:42:23 0 [Note] InnoDB: Setting file 'C:\xampp\mysql\data\ibtmp1' size to 12 MB. Physically writing the file full; Please wait ...
2025-04-12 20:42:23 0 [Note] InnoDB: File 'C:\xampp\mysql\data\ibtmp1' size is now 12 MB.
2025-04-12 20:42:23 0 [Note] InnoDB: Waiting for purge to start
2025-04-12 20:42:23 0 [Note] InnoDB: 10.4.32 started; log sequence number 365162; transaction id 339
2025-04-12 20:42:23 0 [Note] InnoDB: Loading buffer pool(s) from C:\xampp\mysql\data\ib_buffer_pool
2025-04-12 20:42:23 0 [Note] Plugin 'FEEDBACK' is disabled.
2025-04-12 20:42:23 0 [Note] Server socket created on IP: '::'.
2025-04-13 15:41:39 0 [Note] Starting MariaDB 10.4.32-MariaDB source revision c4143f909528e3fab0677a28631d10389354c491 as process 27832
2025-04-13 15:41:39 0 [Note] InnoDB: Mutexes and rw_locks use Windows interlocked functions
2025-04-13 15:41:39 0 [Note] InnoDB: Uses event mutexes
2025-04-13 15:41:39 0 [Note] InnoDB: Compressed tables use zlib 1.3
2025-04-13 15:41:39 0 [Note] InnoDB: Number of pools: 1
2025-04-13 15:41:39 0 [Note] InnoDB: Using SSE2 crc32 instructions
2025-04-13 15:41:39 0 [Note] InnoDB: Initializing buffer pool, total size = 16M, instances = 1, chunk size = 16M
2025-04-13 15:41:39 0 [Note] InnoDB: Completed initialization of buffer pool
2025-04-13 15:41:39 0 [Note] InnoDB: Starting crash recovery from checkpoint LSN=585686
2025-04-13 15:41:40 0 [Note] InnoDB: 128 out of 128 rollback segments are active.
2025-04-13 15:41:40 0 [Note] InnoDB: Removed temporary tablespace data file: "ibtmp1"
2025-04-13 15:41:40 0 [Note] InnoDB: Creating shared tablespace for temporary tables
2025-04-13 15:41:40 0 [Note] InnoDB: Setting file 'C:\xampp\mysql\data\ibtmp1' size to 12 MB. Physically writing the file full; Please wait ...
2025-04-13 15:41:40 0 [Note] InnoDB: File 'C:\xampp\mysql\data\ibtmp1' size is now 12 MB.
2025-04-13 15:41:40 0 [Note] InnoDB: Waiting for purge to start
2025-04-13 15:41:40 0 [Note] InnoDB: 10.4.32 started; log sequence number 585695; transaction id 573
2025-04-13 15:41:40 0 [Note] InnoDB: Loading buffer pool(s) from C:\xampp\mysql\data\ib_buffer_pool
2025-04-13 15:41:40 0 [Note] Plugin 'FEEDBACK' is disabled.
2025-04-13 15:41:40 0 [Note] Server socket created on IP: '::'.
2025-04-13 19:46:42 0 [Note] Starting MariaDB 10.4.32-MariaDB source revision c4143f909528e3fab0677a28631d10389354c491 as process 15900
2025-04-13 19:46:42 0 [Note] InnoDB: Mutexes and rw_locks use Windows interlocked functions
2025-04-13 19:46:42 0 [Note] InnoDB: Uses event mutexes
2025-04-13 19:46:42 0 [Note] InnoDB: Compressed tables use zlib 1.3
2025-04-13 19:46:42 0 [Note] InnoDB: Number of pools: 1
2025-04-13 19:46:42 0 [Note] InnoDB: Using SSE2 crc32 instructions
2025-04-13 19:46:42 0 [Note] InnoDB: Initializing buffer pool, total size = 16M, instances = 1, chunk size = 16M
2025-04-13 19:46:42 0 [Note] InnoDB: Completed initialization of buffer pool
2025-04-13 19:46:42 0 [Note] InnoDB: Starting crash recovery from checkpoint LSN=589147
2025-04-13 19:46:42 0 [Note] InnoDB: 128 out of 128 rollback segments are active.
2025-04-13 19:46:42 0 [Note] InnoDB: Removed temporary tablespace data file: "ibtmp1"
2025-04-13 19:46:42 0 [Note] InnoDB: Creating shared tablespace for temporary tables
2025-04-13 19:46:42 0 [Note] InnoDB: Setting file 'C:\xampp\mysql\data\ibtmp1' size to 12 MB. Physically writing the file full; Please wait ...
2025-04-13 19:46:42 0 [Note] InnoDB: File 'C:\xampp\mysql\data\ibtmp1' size is now 12 MB.
2025-04-13 19:46:42 0 [Note] InnoDB: Waiting for purge to start
2025-04-13 19:46:42 0 [Note] InnoDB: 10.4.32 started; log sequence number 589156; transaction id 604
2025-04-13 19:46:42 0 [Note] InnoDB: Loading buffer pool(s) from C:\xampp\mysql\data\ib_buffer_pool
2025-04-13 19:46:42 0 [Note] Plugin 'FEEDBACK' is disabled.
2025-04-13 19:46:42 0 [Note] Server socket created on IP: '::'.
2025-04-13 19:46:51 0 [Note] Starting MariaDB 10.4.32-MariaDB source revision c4143f909528e3fab0677a28631d10389354c491 as process 32508
2025-04-13 19:46:51 0 [Note] InnoDB: Mutexes and rw_locks use Windows interlocked functions
2025-04-13 19:46:51 0 [Note] InnoDB: Uses event mutexes
2025-04-13 19:46:51 0 [Note] InnoDB: Compressed tables use zlib 1.3
2025-04-13 19:46:51 0 [Note] InnoDB: Number of pools: 1
2025-04-13 19:46:51 0 [Note] InnoDB: Using SSE2 crc32 instructions
2025-04-13 19:46:51 0 [Note] InnoDB: Initializing buffer pool, total size = 16M, instances = 1, chunk size = 16M
2025-04-13 19:46:51 0 [Note] InnoDB: Completed initialization of buffer pool
2025-04-13 19:46:51 0 [Note] InnoDB: Starting crash recovery from checkpoint LSN=589165
2025-04-13 19:46:52 0 [Note] InnoDB: 128 out of 128 rollback segments are active.
2025-04-13 19:46:52 0 [Note] InnoDB: Removed temporary tablespace data file: "ibtmp1"
2025-04-13 19:46:52 0 [Note] InnoDB: Creating shared tablespace for temporary tables
2025-04-13 19:46:52 0 [Note] InnoDB: Setting file 'C:\xampp\mysql\data\ibtmp1' size to 12 MB. Physically writing the file full; Please wait ...
2025-04-13 19:46:52 0 [Note] InnoDB: File 'C:\xampp\mysql\data\ibtmp1' size is now 12 MB.
2025-04-13 19:46:52 0 [Note] InnoDB: Waiting for purge to start
2025-04-13 19:46:52 0 [Note] InnoDB: 10.4.32 started; log sequence number 589174; transaction id 604
2025-04-13 19:46:52 0 [Note] InnoDB: Loading buffer pool(s) from C:\xampp\mysql\data\ib_buffer_pool
2025-04-13 19:46:52 0 [Note] Plugin 'FEEDBACK' is disabled.
2025-04-13 19:46:52 0 [Note] Server socket created on IP: '::'.
2025-04-14  9:26:12 0 [Note] Starting MariaDB 10.4.32-MariaDB source revision c4143f909528e3fab0677a28631d10389354c491 as process 21728
2025-04-14  9:26:13 0 [Note] InnoDB: Mutexes and rw_locks use Windows interlocked functions
2025-04-14  9:26:13 0 [Note] InnoDB: Uses event mutexes
2025-04-14  9:26:13 0 [Note] InnoDB: Compressed tables use zlib 1.3
2025-04-14  9:26:13 0 [Note] InnoDB: Number of pools: 1
2025-04-14  9:26:13 0 [Note] InnoDB: Using SSE2 crc32 instructions
2025-04-14  9:26:13 0 [Note] InnoDB: Initializing buffer pool, total size = 16M, instances = 1, chunk size = 16M
2025-04-14  9:26:13 0 [Note] InnoDB: Completed initialization of buffer pool
2025-04-14  9:26:13 0 [Note] InnoDB: Starting crash recovery from checkpoint LSN=589183
2025-04-14  9:26:13 0 [Note] InnoDB: 128 out of 128 rollback segments are active.
2025-04-14  9:26:13 0 [Note] InnoDB: Removed temporary tablespace data file: "ibtmp1"
2025-04-14  9:26:13 0 [Note] InnoDB: Creating shared tablespace for temporary tables
2025-04-14  9:26:13 0 [Note] InnoDB: Setting file 'C:\xampp\mysql\data\ibtmp1' size to 12 MB. Physically writing the file full; Please wait ...
2025-04-14  9:26:13 0 [Note] InnoDB: File 'C:\xampp\mysql\data\ibtmp1' size is now 12 MB.
2025-04-14  9:26:13 0 [Note] InnoDB: Waiting for purge to start
2025-04-14  9:26:13 0 [Note] InnoDB: 10.4.32 started; log sequence number 589192; transaction id 604
2025-04-14  9:26:13 0 [Note] InnoDB: Loading buffer pool(s) from C:\xampp\mysql\data\ib_buffer_pool
2025-04-14  9:26:13 0 [Note] Plugin 'FEEDBACK' is disabled.
2025-04-14  9:26:13 0 [Note] Server socket created on IP: '::'.
2025-04-15  9:46:34 0 [Note] Starting MariaDB 10.4.32-MariaDB source revision c4143f909528e3fab0677a28631d10389354c491 as process 20360
2025-04-15  9:46:34 0 [Note] InnoDB: Mutexes and rw_locks use Windows interlocked functions
2025-04-15  9:46:34 0 [Note] InnoDB: Uses event mutexes
2025-04-15  9:46:34 0 [Note] InnoDB: Compressed tables use zlib 1.3
2025-04-15  9:46:34 0 [Note] InnoDB: Number of pools: 1
2025-04-15  9:46:34 0 [Note] InnoDB: Using SSE2 crc32 instructions
2025-04-15  9:46:34 0 [Note] InnoDB: Initializing buffer pool, total size = 16M, instances = 1, chunk size = 16M
2025-04-15  9:46:34 0 [Note] InnoDB: Completed initialization of buffer pool
2025-04-15  9:46:34 0 [Note] InnoDB: Starting crash recovery from checkpoint LSN=636087
2025-04-15  9:46:34 0 [Note] InnoDB: 128 out of 128 rollback segments are active.
2025-04-15  9:46:34 0 [Note] InnoDB: Removed temporary tablespace data file: "ibtmp1"
2025-04-15  9:46:34 0 [Note] InnoDB: Creating shared tablespace for temporary tables
2025-04-15  9:46:34 0 [Note] InnoDB: Setting file 'C:\xampp\mysql\data\ibtmp1' size to 12 MB. Physically writing the file full; Please wait ...
2025-04-15  9:46:34 0 [Note] InnoDB: File 'C:\xampp\mysql\data\ibtmp1' size is now 12 MB.
2025-04-15  9:46:34 0 [Note] InnoDB: Waiting for purge to start
2025-04-15  9:46:34 0 [Note] InnoDB: 10.4.32 started; log sequence number 636096; transaction id 680
2025-04-15  9:46:34 0 [Note] InnoDB: Loading buffer pool(s) from C:\xampp\mysql\data\ib_buffer_pool
2025-04-15  9:46:34 0 [Note] Plugin 'FEEDBACK' is disabled.
2025-04-15  9:46:34 0 [Note] Server socket created on IP: '::'.
2025-04-16 12:57:35 0 [Note] Starting MariaDB 10.4.32-MariaDB source revision c4143f909528e3fab0677a28631d10389354c491 as process 5292
2025-04-16 12:57:35 0 [Note] InnoDB: Mutexes and rw_locks use Windows interlocked functions
2025-04-16 12:57:35 0 [Note] InnoDB: Uses event mutexes
2025-04-16 12:57:35 0 [Note] InnoDB: Compressed tables use zlib 1.3
2025-04-16 12:57:35 0 [Note] InnoDB: Number of pools: 1
2025-04-16 12:57:35 0 [Note] InnoDB: Using SSE2 crc32 instructions
2025-04-16 12:57:35 0 [Note] InnoDB: Initializing buffer pool, total size = 16M, instances = 1, chunk size = 16M
2025-04-16 12:57:35 0 [Note] InnoDB: Completed initialization of buffer pool
2025-04-16 12:57:35 0 [Note] InnoDB: Starting crash recovery from checkpoint LSN=636105
2025-04-16 12:57:35 0 [Note] InnoDB: 128 out of 128 rollback segments are active.
2025-04-16 12:57:35 0 [Note] InnoDB: Removed temporary tablespace data file: "ibtmp1"
2025-04-16 12:57:35 0 [Note] InnoDB: Creating shared tablespace for temporary tables
2025-04-16 12:57:35 0 [Note] InnoDB: Setting file 'C:\xampp\mysql\data\ibtmp1' size to 12 MB. Physically writing the file full; Please wait ...
2025-04-16 12:57:35 0 [Note] InnoDB: File 'C:\xampp\mysql\data\ibtmp1' size is now 12 MB.
2025-04-16 12:57:35 0 [Note] InnoDB: Waiting for purge to start
2025-04-16 12:57:35 0 [Note] InnoDB: 10.4.32 started; log sequence number 636114; transaction id 680
2025-04-16 12:57:35 0 [Note] InnoDB: Loading buffer pool(s) from C:\xampp\mysql\data\ib_buffer_pool
2025-04-16 12:57:35 0 [Note] Plugin 'FEEDBACK' is disabled.
2025-04-16 12:57:35 0 [Note] Server socket created on IP: '::'.
2025-04-16 17:02:43 0 [Note] Starting MariaDB 10.4.32-MariaDB source revision c4143f909528e3fab0677a28631d10389354c491 as process 23320
2025-04-16 17:02:43 0 [Note] InnoDB: Mutexes and rw_locks use Windows interlocked functions
2025-04-16 17:02:43 0 [Note] InnoDB: Uses event mutexes
2025-04-16 17:02:43 0 [Note] InnoDB: Compressed tables use zlib 1.3
2025-04-16 17:02:43 0 [Note] InnoDB: Number of pools: 1
2025-04-16 17:02:43 0 [Note] InnoDB: Using SSE2 crc32 instructions
2025-04-16 17:02:43 0 [Note] InnoDB: Initializing buffer pool, total size = 16M, instances = 1, chunk size = 16M
2025-04-16 17:02:43 0 [Note] InnoDB: Completed initialization of buffer pool
2025-04-16 17:02:43 0 [Note] InnoDB: Starting crash recovery from checkpoint LSN=636123
2025-04-16 17:02:44 0 [Note] InnoDB: 128 out of 128 rollback segments are active.
2025-04-16 17:02:44 0 [Note] InnoDB: Removed temporary tablespace data file: "ibtmp1"
2025-04-16 17:02:44 0 [Note] InnoDB: Creating shared tablespace for temporary tables
2025-04-16 17:02:44 0 [Note] InnoDB: Setting file 'C:\xampp\mysql\data\ibtmp1' size to 12 MB. Physically writing the file full; Please wait ...
2025-04-16 17:02:44 0 [Note] InnoDB: File 'C:\xampp\mysql\data\ibtmp1' size is now 12 MB.
2025-04-16 17:02:44 0 [Note] InnoDB: Waiting for purge to start
2025-04-16 17:02:44 0 [Note] InnoDB: 10.4.32 started; log sequence number 636132; transaction id 680
2025-04-16 17:02:44 0 [Note] InnoDB: Loading buffer pool(s) from C:\xampp\mysql\data\ib_buffer_pool
2025-04-16 17:02:44 0 [Note] Plugin 'FEEDBACK' is disabled.
2025-04-16 17:02:44 0 [Note] Server socket created on IP: '::'.
2025-04-16 17:02:44 0 [Note] InnoDB: Buffer pool(s) l2025-04-16 19:32:34 0 [Note] Starting MariaDB 10.4.32-MariaDB source revision c4143f909528e3fab0677a28631d10389354c491 as process 15020
2025-04-16 19:32:34 0 [Note] InnoDB: Mutexes and rw_locks use Windows interlocked functions
2025-04-16 19:32:34 0 [Note] InnoDB: Uses event mutexes
2025-04-16 19:32:34 0 [Note] InnoDB: Compressed tables use zlib 1.3
2025-04-16 19:32:34 0 [Note] InnoDB: Number of pools: 1
2025-04-16 19:32:34 0 [Note] InnoDB: Using SSE2 crc32 instructions
2025-04-16 19:32:34 0 [Note] InnoDB: Initializing buffer pool, total size = 16M, instances = 1, chunk size = 16M
2025-04-16 19:32:34 0 [Note] InnoDB: Completed initialization of buffer pool
2025-04-16 19:32:34 0 [Note] InnoDB: Starting crash recovery from checkpoint LSN=636141
2025-04-16 19:32:34 0 [Note] InnoDB: 128 out of 128 rollback segments are active.
2025-04-16 19:32:34 0 [Note] InnoDB: Removed temporary tablespace data file: "ibtmp1"
2025-04-16 19:32:34 0 [Note] InnoDB: Creating shared tablespace for temporary tables
2025-04-16 19:32:34 0 [Note] InnoDB: Setting file 'C:\xampp\mysql\data\ibtmp1' size to 12 MB. Physically writing the file full; Please wait ...
2025-04-16 19:32:34 0 [Note] InnoDB: File 'C:\xampp\mysql\data\ibtmp1' size is now 12 MB.
2025-04-16 19:32:34 0 [Note] InnoDB: Waiting for purge to start
2025-04-16 19:32:34 0 [Note] InnoDB: 10.4.32 started; log sequence number 636150; transaction id 680
2025-04-16 19:32:34 0 [Note] InnoDB: Loading buffer pool(s) from C:\xampp\mysql\data\ib_buffer_pool
2025-04-16 19:32:34 0 [Note] Plugin 'FEEDBACK' is disabled.
2025-04-16 19:32:34 0 [Note] Server socket created on IP: '::'.
2025-04-18 10:26:30 0 [Note] Starting MariaDB 10.4.32-MariaDB source revision c4143f909528e3fab0677a28631d10389354c491 as process 29940
2025-04-18 10:26:30 0 [Note] InnoDB: Mutexes and rw_locks use Windows interlocked functions
2025-04-18 10:26:30 0 [Note] InnoDB: Uses event mutexes
2025-04-18 10:26:30 0 [Note] InnoDB: Compressed tables use zlib 1.3
2025-04-18 10:26:30 0 [Note] InnoDB: Number of pools: 1
2025-04-18 10:26:30 0 [Note] InnoDB: Using SSE2 crc32 instructions
2025-04-18 10:26:30 0 [Note] InnoDB: Initializing buffer pool, total size = 16M, instances = 1, chunk size = 16M
2025-04-18 10:26:30 0 [Note] InnoDB: Completed initialization of buffer pool
2025-04-18 10:26:30 0 [Note] InnoDB: Starting crash recovery from checkpoint LSN=636159
2025-04-18 10:26:30 0 [Note] InnoDB: 128 out of 128 rollback segments are active.
2025-04-18 10:26:30 0 [Note] InnoDB: Removed temporary tablespace data file: "ibtmp1"
2025-04-18 10:26:30 0 [Note] InnoDB: Creating shared tablespace for temporary tables
2025-04-18 10:26:30 0 [Note] InnoDB: Setting file 'C:\xampp\mysql\data\ibtmp1' size to 12 MB. Physically writing the file full; Please wait ...
2025-04-18 10:26:30 0 [Note] InnoDB: File 'C:\xampp\mysql\data\ibtmp1' size is now 12 MB.
2025-04-18 10:26:30 0 [Note] InnoDB: Waiting for purge to start
2025-04-18 10:26:30 0 [Note] InnoDB: 10.4.32 started; log sequence number 636168; transaction id 680
2025-04-18 10:26:30 0 [Note] InnoDB: Loading buffer pool(s) from C:\xampp\mysql\data\ib_buffer_pool
2025-04-18 10:26:30 0 [Note] Plugin 'FEEDBACK' is disabled.
2025-04-18 10:26:30 0 [Note] Server socket created on IP: '::'.
2025-04-18 10:26:35 0 [Note] Starting MariaDB 10.4.32-MariaDB source revision c4143f909528e3fab0677a28631d10389354c491 as process 17484
2025-04-18 10:26:35 0 [Note] InnoDB: Mutexes and rw_locks use Windows interlocked functions
2025-04-18 10:26:35 0 [Note] InnoDB: Uses event mutexes
2025-04-18 10:26:35 0 [Note] InnoDB: Compressed tables use zlib 1.3
2025-04-18 10:26:35 0 [Note] InnoDB: Number of pools: 1
2025-04-18 10:26:35 0 [Note] InnoDB: Using SSE2 crc32 instructions
2025-04-18 10:26:35 0 [Note] InnoDB: Initializing buffer pool, total size = 16M, instances = 1, chunk size = 16M
2025-04-18 10:26:35 0 [Note] InnoDB: Completed initialization of buffer pool
2025-04-18 10:26:35 0 [Note] InnoDB: Starting crash recovery from checkpoint LSN=636159
2025-04-18 10:26:35 0 [Note] InnoDB: 128 out of 128 rollback segments are active.
2025-04-18 10:26:35 0 [Note] InnoDB: Removed temporary tablespace data file: "ibtmp1"
2025-04-18 10:26:35 0 [Note] InnoDB: Creating shared tablespace for temporary tables
2025-04-18 10:26:35 0 [Note] InnoDB: Setting file 'C:\xampp\mysql\data\ibtmp1' size to 12 MB. Physically writing the file full; Please wait ...
2025-04-18 10:26:35 0 [Note] InnoDB: File 'C:\xampp\mysql\data\ibtmp1' size is now 12 MB.
2025-04-18 10:26:35 0 [Note] InnoDB: Waiting for purge to start
2025-04-18 10:26:35 0 [Note] InnoDB: 10.4.32 started; log sequence number 636168; transaction id 680
2025-04-18 10:26:35 0 [Note] InnoDB: Loading buffer pool(s) from C:\xampp\mysql\data\ib_buffer_pool
2025-04-18 10:26:35 0 [Note] Plugin 'FEEDBACK' is disabled.
2025-04-18 10:26:35 0 [Note] Server socket created on IP: '::'.
2025-04-18 14:00:54 0 [Note] Starting MariaDB 10.4.32-MariaDB source revision c4143f909528e3fab0677a28631d10389354c491 as process 31440
2025-04-18 14:00:54 0 [Note] InnoDB: Mutexes and rw_locks use Windows interlocked functions
2025-04-18 14:00:54 0 [Note] InnoDB: Uses event mutexes
2025-04-18 14:00:54 0 [Note] InnoDB: Compressed tables use zlib 1.3
2025-04-18 14:00:54 0 [Note] InnoDB: Number of pools: 1
2025-04-18 14:00:54 0 [Note] InnoDB: Using SSE2 crc32 instructions
2025-04-18 14:00:54 0 [Note] InnoDB: Initializing buffer pool, total size = 16M, instances = 1, chunk size = 16M
2025-04-18 14:00:54 0 [Note] InnoDB: Completed initialization of buffer pool
2025-04-18 14:00:54 0 [Note] InnoDB: Starting crash recovery from checkpoint LSN=642624
2025-04-18 14:00:54 0 [Note] InnoDB: 128 out of 128 rollback segments are active.
2025-04-18 14:00:54 0 [Note] InnoDB: Removed temporary tablespace data file: "ibtmp1"
2025-04-18 14:00:54 0 [Note] InnoDB: Creating shared tablespace for temporary tables
2025-04-18 14:00:54 0 [Note] InnoDB: Setting file 'C:\xampp\mysql\data\ibtmp1' size to 12 MB. Physically writing the file full; Please wait ...
2025-04-18 14:00:54 0 [Note] InnoDB: File 'C:\xampp\mysql\data\ibtmp1' size is now 12 MB.
2025-04-18 14:00:54 0 [Note] InnoDB: Waiting for purge to start
2025-04-18 14:00:54 0 [Note] InnoDB: 10.4.32 started; log sequence number 642633; transaction id 696
2025-04-18 14:00:54 0 [Note] Plugin 'FEEDBACK' is disabled.
2025-04-18 14:00:54 0 [Note] InnoDB: Loading buffer pool(s) from C:\xampp\mysql\data\ib_buffer_pool
2025-04-18 14:00:54 0 [Note] Server socket created on IP: '::'.
2025-04-28 13:42:10 0 [Note] Starting MariaDB 10.4.32-MariaDB source revision c4143f909528e3fab0677a28631d10389354c491 as process 28232
2025-04-28 13:42:11 0 [Note] InnoDB: Mutexes and rw_locks use Windows interlocked functions
2025-04-28 13:42:11 0 [Note] InnoDB: Uses event mutexes
2025-04-28 13:42:11 0 [Note] InnoDB: Compressed tables use zlib 1.3
2025-04-28 13:42:11 0 [Note] InnoDB: Number of pools: 1
2025-04-28 13:42:11 0 [Note] InnoDB: Using SSE2 crc32 instructions
2025-04-28 13:42:11 0 [Note] InnoDB: Initializing buffer pool, total size = 16M, instances = 1, chunk size = 16M
2025-04-28 13:42:11 0 [Note] InnoDB: Completed initialization of buffer pool
2025-04-28 13:42:11 0 [Note] InnoDB: Starting crash recovery from checkpoint LSN=643632
2025-04-28 13:42:11 0 [Note] InnoDB: 128 out of 128 rollback segments are active.
2025-04-28 13:42:11 0 [Note] InnoDB: Removed temporary tablespace data file: "ibtmp1"
2025-04-28 13:42:11 0 [Note] InnoDB: Creating shared tablespace for temporary tables
2025-04-28 13:42:11 0 [Note] InnoDB: Setting file 'C:\xampp\mysql\data\ibtmp1' size to 12 MB. Physically writing the file full; Please wait ...
2025-04-28 13:42:11 0 [Note] InnoDB: File 'C:\xampp\mysql\data\ibtmp1' size is now 12 MB.
2025-04-28 13:42:11 0 [Note] InnoDB: Waiting for purge to start
2025-04-28 13:42:11 0 [Note] InnoDB: 10.4.32 started; log sequence number 643641; transaction id 706
2025-04-28 13:42:11 0 [Note] InnoDB: Loading buffer pool(s) from C:\xampp\mysql\data\ib_buffer_pool
2025-04-28 13:42:11 0 [Note] Plugin 'FEEDBACK' is disabled.
2025-04-28 13:42:11 0 [Note] InnoDB: Buffer pool(s) load completed at 250428 13:42:11
2025-04-28 13:42:11 0 [Note] Server socket created on IP: '::'.
2025-04-28 17:40:32 0 [Note] Starting MariaDB 10.4.32-MariaDB source revision c4143f909528e3fab0677a28631d10389354c491 as process 43900
2025-04-28 17:40:32 0 [Note] InnoDB: Mutexes and rw_locks use Windows interlocked functions
2025-04-28 17:40:32 0 [Note] InnoDB: Uses event mutexes
2025-04-28 17:40:32 0 [Note] InnoDB: Compressed tables use zlib 1.3
2025-04-28 17:40:32 0 [Note] InnoDB: Number of pools: 1
2025-04-28 17:40:32 0 [Note] InnoDB: Using SSE2 crc32 instructions
2025-04-28 17:40:32 0 [Note] InnoDB: Initializing buffer pool, total size = 16M, instances = 1, chunk size = 16M
2025-04-28 17:40:32 0 [Note] InnoDB: Completed initialization of buffer pool
2025-04-28 17:40:32 0 [Note] InnoDB: Starting crash recovery from checkpoint LSN=643650
2025-04-28 17:40:33 0 [Note] InnoDB: 128 out of 128 rollback segments are active.
2025-04-28 17:40:33 0 [Note] InnoDB: Removed temporary tablespace data file: "ibtmp1"
2025-04-28 17:40:33 0 [Note] InnoDB: Creating shared tablespace for temporary tables
2025-04-28 17:40:33 0 [Note] InnoDB: Setting file 'C:\xampp\mysql\data\ibtmp1' size to 12 MB. Physically writing the file full; Please wait ...
2025-04-28 17:40:33 0 [Note] InnoDB: File 'C:\xampp\mysql\data\ibtmp1' size is now 12 MB.
2025-04-28 17:40:33 0 [Note] InnoDB: Waiting for purge to start
2025-04-28 17:40:33 0 [Note] InnoDB: 10.4.32 started; log sequence number 643659; transaction id 706
2025-04-28 17:40:33 0 [Note] InnoDB: Loading buffer pool(s) from C:\xampp\mysql\data\ib_buffer_pool
2025-04-28 17:40:33 0 [Note] Plugin 'FEEDBACK' is disabled.
2025-04-28 17:40:33 0 [Note] Server socket created on IP: '::'.
